-------------------------------------------------------------------------------
Synchrobench-java
A benchmark-suite to evaluate synchronization techniques
-------------------------------------------------------------------------------

Benchmark parameters
--------------------
  Detailed stats:          	enabled
  Number of threads:       	8
  Length:                  	2000 ms
  Write ratio:             	25 %
  WriteAll ratio:          	0 %
  Snapshot ratio:          	0 %
  Size:                    	10000 elts
  Range:                   	20000 elts
  WarmUp:                  	0 s
  Iterations:              	1
  Benchmark:               	linkedlists.lockbased.CoarseGrainedListBasedSet
Thread #6 finished.
Thread #1 finished.
Thread #0 finished.
Thread #2 finished.
Thread #7 finished.
Thread #4 finished.
Thread #3 finished.
Thread #5 finished.
-------------------------------------------------------------------------------
Benchmark statistics
-------------------------------------------------------------------------------
  Average traversal length: 	NaN
  Struct Modifications:     	0
  Throughput (ops/s):       	9669.651741293534
  Elapsed time (s):         	2.01
  Operations:               	19436	( 100 %)
    effective updates:     	2436	( 12.53 %)
    |--add successful:     	1199	( 6.17 %)
    |--remove succ.:       	1237	( 6.36 %)
    |--addAll succ.:       	0	( 0.00 %)
    |--removeAll succ.:    	0	( 0.00 %)
    size successful:       	0	( 0.00 %)
    contains succ.:        	7258	( 37.34 %)
    unsuccessful ops:      	9742	( 50.12 %)
  Final size:              	9962
  Expected size:           	9962
-------------------------------------------------------------------------------
TM statistics
-------------------------------------------------------------------------------
  Commits:                  	0
  |--regular read only  (%) 	0	( NaN %)
  |--elastic (%)            	0	( NaN %)
  |--regular update (%)     	0	( NaN %)
  Starts:                   	0
  Aborts:                   	0	( 100 %)
  |--between succ. reads:   	0	( NaN %)
  |--between read & write:  	0	( NaN %)
  |--extend upon read:      	0	( NaN %)
  |--write after read:      	0	( NaN %)
  |--locked on write:       	0	( NaN %)
  |--locked before read:    	0	( NaN %)
  |--locked before eread:   	0	( NaN %)
  |--locked on read:        	0	( NaN %)
  |--invalid commit:        	0	( NaN %)
  |--invalid snapshot:      	0	( NaN %)
  Read set size on avg.:    	NaN
  Write set size on avg.:   	NaN
  Tx time-to-commit on avg.:	NaN microsec
  Number of elastic reads       0
  Number of reads in RO prefix  0
