-------------------------------------------------------------------------------
Synchrobench-java
A benchmark-suite to evaluate synchronization techniques
-------------------------------------------------------------------------------

Benchmark parameters
--------------------
  Detailed stats:          	enabled
  Number of threads:       	3
  Length:                  	2000 ms
  Write ratio:             	75 %
  WriteAll ratio:          	0 %
  Snapshot ratio:          	0 %
  Size:                    	100 elts
  Range:                   	200 elts
  WarmUp:                  	0 s
  Iterations:              	1
  Benchmark:               	linkedlists.lockbased.LazyLinkedListSortedSet
Thread #2 finished.
Thread #0 finished.
Thread #1 finished.
-------------------------------------------------------------------------------
Benchmark statistics
-------------------------------------------------------------------------------
  Average traversal length: 	NaN
  Struct Modifications:     	0
  Throughput (ops/s):       	3002606.0606060605
  Elapsed time (s):         	2.013
  Operations:               	6044246	( 100 %)
    effective updates:     	2271041	( 37.57 %)
    |--add successful:     	1135519	( 18.79 %)
    |--remove succ.:       	1135522	( 18.79 %)
    |--addAll succ.:       	0	( 0.00 %)
    |--removeAll succ.:    	0	( 0.00 %)
    size successful:       	0	( 0.00 %)
    contains succ.:        	754153	( 12.48 %)
    unsuccessful ops:      	3019052	( 49.95 %)
  Final size:              	97
  Expected size:           	97
-------------------------------------------------------------------------------
TM statistics
-------------------------------------------------------------------------------
  Commits:                  	0
  |--regular read only  (%) 	0	( NaN %)
  |--elastic (%)            	0	( NaN %)
  |--regular update (%)     	0	( NaN %)
  Starts:                   	0
  Aborts:                   	0	( 100 %)
  |--between succ. reads:   	0	( NaN %)
  |--between read & write:  	0	( NaN %)
  |--extend upon read:      	0	( NaN %)
  |--write after read:      	0	( NaN %)
  |--locked on write:       	0	( NaN %)
  |--locked before read:    	0	( NaN %)
  |--locked before eread:   	0	( NaN %)
  |--locked on read:        	0	( NaN %)
  |--invalid commit:        	0	( NaN %)
  |--invalid snapshot:      	0	( NaN %)
  Read set size on avg.:    	NaN
  Write set size on avg.:   	NaN
  Tx time-to-commit on avg.:	NaN microsec
  Number of elastic reads       0
  Number of reads in RO prefix  0
